<!DOCTYPE html PUBLIC "-//W3C//DTD XHTML 1.1//EN" "https://www.w3.org/TR/xhtml11/DTD/xhtml11.dtd">
<html xmlns="https://www.w3.org/1999/xhtml">
<head>
<meta http-equiv="content-type" content="text/html; charset=UTF-8"/>
<title>TestNG Report</title>
<style type="text/css">table {margin-bottom:10px;border-collapse:collapse;empty-cells:show}th,td {border:1px solid #009;padding:.25em .5em}th {vertical-align:bottom}td {vertical-align:top}table a {font-weight:bold}.stripe td {background-color: #E6EBF9}.num {text-align:right}.passedodd td {background-color: #3F3}.passedeven td {background-color: #0A0}.skippedodd td {background-color: #DDD}.skippedeven td {background-color: #CCC}.failedodd td,.attn {background-color: #F33}.failedeven td,.stripe .attn {background-color: #D00}.stacktrace {white-space:pre;font-family:monospace}.totop {font-size:85%;text-align:center;border-bottom:2px solid #000}.invisible {display:none}</style>
</head>
<body>
<table>
<tr><th>Test</th><th># Passed</th><th># Skipped</th><th># Retried</th><th># Failed</th><th>Time (ms)</th><th>Included Groups</th><th>Excluded Groups</th></tr>
<tr><th colspan="8">Command line suite</th></tr>
<tr><td><a href="#t0">Command line test</a></td><td class="num">0</td><td class="num attn">2</td><td class="num">0</td><td class="num">0</td><td class="num">253</td><td></td><td></td></tr>
</table>
<table id='summary'><thead><tr><th>Class</th><th>Method</th><th>Start</th><th>Time (ms)</th></tr></thead><tbody><tr><th colspan="4">Command line suite</th></tr></tbody><tbody id="t0"><tr><th colspan="4">Command line test &#8212; failed (configuration methods)</th></tr><tr class="failedeven"><td rowspan="1">com.knoldus.Test1</td><td><a href="#m0">setUp</a></td><td rowspan="1">1639379167566</td><td rowspan="1">132</td></tr><tr><th colspan="4">Command line test &#8212; skipped</th></tr><tr class="skippedeven"><td rowspan="2">com.knoldus.Test1</td><td><a href="#m1">login</a></td><td rowspan="2">1639379167726</td><td rowspan="2">0</td></tr><tr class="skippedeven"><td><a href="#m2">login</a></td></tr></tbody>
</table>
<h2>Command line test</h2><h3 id="m0">com.knoldus.Test1#setUp</h3><table class="result"><tr><th>Exception</th></tr><tr><td><div class="stacktrace">java.lang.IllegalStateException: The driver executable must exist: /home/knoldus/work/SeleniumMVNJenkins/out/artifacts/SeleniumMVNJenkins_jar2/src/test/resources/chromedriver_linux64/chromedriver
	at org.openqa.selenium.internal.Require$FileStateChecker.isFile(Require.java:315)
	at org.openqa.selenium.remote.service.DriverService.checkExecutable(DriverService.java:154)
	at org.openqa.selenium.remote.service.DriverService.findExecutable(DriverService.java:149)
	at org.openqa.selenium.chrome.ChromeDriverService.access$000(ChromeDriverService.java:37)
	at org.openqa.selenium.chrome.ChromeDriverService$Builder.findDefaultExecutable(ChromeDriverService.java:222)
	at org.openqa.selenium.remote.service.DriverService$Builder.build(DriverService.java:419)
	at org.openqa.selenium.chrome.ChromeDriverService.createDefaultService(ChromeDriverService.java:119)
	at org.openqa.selenium.chrome.ChromeDriver.&lt;init&gt;(ChromeDriver.java:41)
	at com.knoldus.Test1.setUp(Test1.java:46)
	at java.util.ArrayList.forEach(ArrayList.java:1259)
	at com.knoldus.TestRunner.main(TestRunner.java:11)
... Removed 22 stack frames</div></td></tr></table><p class="totop"><a href="#summary">back to summary</a></p>
<h3 id="m1">com.knoldus.Test1#login</h3><table class="result"><tr><th>Exception</th></tr><tr><td><div class="stacktrace">java.lang.IllegalStateException: The driver executable must exist: /home/knoldus/work/SeleniumMVNJenkins/out/artifacts/SeleniumMVNJenkins_jar2/src/test/resources/chromedriver_linux64/chromedriver
	at org.openqa.selenium.internal.Require$FileStateChecker.isFile(Require.java:315)
	at org.openqa.selenium.remote.service.DriverService.checkExecutable(DriverService.java:154)
	at org.openqa.selenium.remote.service.DriverService.findExecutable(DriverService.java:149)
	at org.openqa.selenium.chrome.ChromeDriverService.access$000(ChromeDriverService.java:37)
	at org.openqa.selenium.chrome.ChromeDriverService$Builder.findDefaultExecutable(ChromeDriverService.java:222)
	at org.openqa.selenium.remote.service.DriverService$Builder.build(DriverService.java:419)
	at org.openqa.selenium.chrome.ChromeDriverService.createDefaultService(ChromeDriverService.java:119)
	at org.openqa.selenium.chrome.ChromeDriver.&lt;init&gt;(ChromeDriver.java:41)
	at com.knoldus.Test1.setUp(Test1.java:46)
	at java.util.ArrayList.forEach(ArrayList.java:1259)
	at com.knoldus.TestRunner.main(TestRunner.java:11)
... Removed 22 stack frames</div></td></tr></table><p class="totop"><a href="#summary">back to summary</a></p>
<h3 id="m2">com.knoldus.Test1#login</h3><table class="result"><tr><th>Exception</th></tr><tr><td><div class="stacktrace">java.lang.IllegalStateException: The driver executable must exist: /home/knoldus/work/SeleniumMVNJenkins/out/artifacts/SeleniumMVNJenkins_jar2/src/test/resources/chromedriver_linux64/chromedriver
	at org.openqa.selenium.internal.Require$FileStateChecker.isFile(Require.java:315)
	at org.openqa.selenium.remote.service.DriverService.checkExecutable(DriverService.java:154)
	at org.openqa.selenium.remote.service.DriverService.findExecutable(DriverService.java:149)
	at org.openqa.selenium.chrome.ChromeDriverService.access$000(ChromeDriverService.java:37)
	at org.openqa.selenium.chrome.ChromeDriverService$Builder.findDefaultExecutable(ChromeDriverService.java:222)
	at org.openqa.selenium.remote.service.DriverService$Builder.build(DriverService.java:419)
	at org.openqa.selenium.chrome.ChromeDriverService.createDefaultService(ChromeDriverService.java:119)
	at org.openqa.selenium.chrome.ChromeDriver.&lt;init&gt;(ChromeDriver.java:41)
	at com.knoldus.Test1.setUp(Test1.java:46)
	at java.util.ArrayList.forEach(ArrayList.java:1259)
	at com.knoldus.TestRunner.main(TestRunner.java:11)
... Removed 22 stack frames</div></td></tr></table><p class="totop"><a href="#summary">back to summary</a></p>
</body>
</html>
