-------------------------------------------------------------------------------
Test set: com.knoldus.Test1
-------------------------------------------------------------------------------
Tests run: 1, Failures: 1, Errors: 0, Skipped: 0, Time elapsed: 3.485 sec <<< FAILURE!
login(com.knoldus.Test1)  Time elapsed: 0.031 sec  <<< FAILURE!
org.openqa.selenium.NoSuchElementException: Unable to find element with locator By.cssSelector: #identifierId
For documentation on this error, please visit: https://selenium.dev/exceptions/#no_such_element
Build info: version: '4.0.0-beta-3', revision: '5d108f9a67'
System info: host: 'sparsh', ip: '192.168.0.113', os.name: 'Linux', os.arch: 'amd64', os.version: '5.8.0-55-generic', java.version: '1.8.0_292'
Driver info: driver.version: RemoteWebDriver
	at org.openqa.selenium.remote.RemoteWebDriver$Mechanism$2.findElement(RemoteWebDriver.java:1261)
	at org.openqa.selenium.remote.RemoteWebDriver.findElement(RemoteWebDriver.java:386)
	at org.openqa.selenium.remote.RemoteWebDriver.findElement(RemoteWebDriver.java:380)
	at com.knoldus.Test1.login(Test1.java:23)

