<?xml version="1.0" encoding="UTF-8"?>
<!-- Generated by org.testng.reporters.JUnitXMLReporter -->
<testsuite hostname="sparsh" ignored="0" name="Command line test" tests="2" failures="0" timestamp="2021-12-13T12:36:07 IST" time="0.253" errors="0">
  <testcase name="@BeforeClass setUp" time="0.132" classname="com.knoldus.Test1">
    <failure type="java.lang.IllegalStateException" message="The driver executable must exist: /home/knoldus/work/SeleniumMVNJenkins/out/artifacts/SeleniumMVNJenkins_jar2/src/test/resources/chromedriver_linux64/chromedriver">
      <![CDATA[java.lang.IllegalStateException: The driver executable must exist: /home/knoldus/work/SeleniumMVNJenkins/out/artifacts/SeleniumMVNJenkins_jar2/src/test/resources/chromedriver_linux64/chromedriver
at org.openqa.selenium.internal.Require$FileStateChecker.isFile(Require.java:315)
at org.openqa.selenium.remote.service.DriverService.checkExecutable(DriverService.java:154)
at org.openqa.selenium.remote.service.DriverService.findExecutable(DriverService.java:149)
at org.openqa.selenium.chrome.ChromeDriverService.access$000(ChromeDriverService.java:37)
at org.openqa.selenium.chrome.ChromeDriverService$Builder.findDefaultExecutable(ChromeDriverService.java:222)
at org.openqa.selenium.remote.service.DriverService$Builder.build(DriverService.java:419)
at org.openqa.selenium.chrome.ChromeDriverService.createDefaultService(ChromeDriverService.java:119)
at org.openqa.selenium.chrome.ChromeDriver.<init>(ChromeDriver.java:41)
at com.knoldus.Test1.setUp(Test1.java:46)
at java.util.ArrayList.forEach(ArrayList.java:1259)
at com.knoldus.TestRunner.main(TestRunner.java:11)
... Removed 22 stack frames]]>
    </failure>
  </testcase> <!-- @BeforeClass setUp -->
  <testcase name="login" time="0.0" classname="com.knoldus.Test1">
    <skipped/>
  </testcase> <!-- login -->
  <testcase name="login" time="0.0" classname="com.knoldus.Test1">
    <skipped/>
  </testcase> <!-- login -->
</testsuite> <!-- Command line test -->
